<?xml version="1.0" encoding="UTF-8"?>
<!-- Generated by org.testng.reporters.JUnitXMLReporter -->
<testsuite ignored="1" hostname="pc" failures="1" tests="1" name="ChromeBrowser" time="31.807" errors="0" timestamp="2022-06-07T14:20:26 IST">
  <testcase classname="testClass.VerifyDirectory" name="verifydirectory" time="13.452">
    <failure type="org.openqa.selenium.NoSuchElementException" message="Cannot locate element with text: New York Sales Office
For documentation on this error, please visit: https://www.seleniumhq.org/exceptions/no_such_element.html
Build info: version: &amp;apos;3.141.59&amp;apos;, revision: &amp;apos;e82be7d358&amp;apos;, time: &amp;apos;2018-11-14T08:17:03&amp;apos;
System info: host: &amp;apos;PC&amp;apos;, ip: &amp;apos;192.168.1.8&amp;apos;, os.name: &amp;apos;Windows 10&amp;apos;, os.arch: &amp;apos;amd64&amp;apos;, os.version: &amp;apos;10.0&amp;apos;, java.version: &amp;apos;17.0.2&amp;apos;
Driver info: driver.version: unknown">
      <![CDATA[org.openqa.selenium.NoSuchElementException: Cannot locate element with text: New York Sales Office
For documentation on this error, please visit: https://www.seleniumhq.org/exceptions/no_such_element.html
Build info: version: '3.141.59', revision: 'e82be7d358', time: '2018-11-14T08:17:03'
System info: host: 'PC', ip: '192.168.1.8', os.name: 'Windows 10', os.arch: 'amd64', os.version: '10.0', java.version: '17.0.2'
Driver info: driver.version: unknown
at org.openqa.selenium.support.ui.Select.selectByVisibleText(Select.java:147)
at pomClasses.Directory.enterLocation(Directory.java:39)
at testClass.VerifyDirectory.verifydirectory(VerifyDirectory.java:99)
at java.base/java.util.ArrayList.forEach(ArrayList.java:1511)
... Removed 27 stack frames]]>
    </failure>
  </testcase> <!-- verifydirectory -->
  <testcase classname="testClass.VerifyDirectory" name="verifyTime" time="0.0">
    <ignored/>
  </testcase> <!-- verifyTime -->
</testsuite> <!-- ChromeBrowser -->
