<?xml version="1.0" encoding="UTF-8"?>
<!-- Generated by org.testng.reporters.JUnitXMLReporter -->
<testsuite ignored="1" hostname="pc" failures="1" tests="1" name="ChromeBrowser(failed)(failed)" time="21.945" errors="0" timestamp="2022-06-06T16:42:55 IST">
  <testcase classname="testClass.VerifyDirectory" name="verifyTime" time="2.632">
    <failure type="java.lang.AssertionError" message="null">
      <![CDATA[java.lang.AssertionError: null
at testClass.VerifyDirectory.verifyTime(VerifyDirectory.java:120)
at java.base/java.util.ArrayList.forEach(ArrayList.java:1511)
... Removed 29 stack frames]]>
    </failure>
  </testcase> <!-- verifyTime -->
  <testcase classname="testClass.VerifyDirectory" name="verifydirectory" time="0.0">
    <ignored/>
  </testcase> <!-- verifydirectory -->
</testsuite> <!-- ChromeBrowser(failed)(failed) -->
